
================================================================================
[LOG START @ 2025-11-13 16:36:17]
================================================================================
[0 1 2 3 4 5 6 7] [8 9]
=====Epoch 0=====
L2 loss: T 6.7768e-01
each time step loss: tensor([0.8566, 0.7243, 0.7566, 0.7418, 0.7888, 0.7263, 0.6729])
time pre test epoch/s:4.61
=====Epoch 1=====
L2 loss: T 6.7756e-01
each time step loss: tensor([0.8565, 0.7243, 0.7565, 0.7417, 0.7886, 0.7261, 0.6727])
time pre test epoch/s:3.18
=====Epoch 2=====
L2 loss: T 6.7734e-01
each time step loss: tensor([0.8565, 0.7242, 0.7563, 0.7415, 0.7883, 0.7258, 0.6723])
time pre test epoch/s:3.15
=====Epoch 3=====
L2 loss: T 6.7697e-01
each time step loss: tensor([0.8563, 0.7240, 0.7561, 0.7411, 0.7879, 0.7252, 0.6716])
time pre test epoch/s:3.16
=====Epoch 4=====
L2 loss: T 6.7635e-01
each time step loss: tensor([0.8561, 0.7236, 0.7556, 0.7405, 0.7871, 0.7243, 0.6705])
time pre test epoch/s:3.13
=====Epoch 5=====
L2 loss: T 6.7536e-01
each time step loss: tensor([0.8557, 0.7231, 0.7548, 0.7395, 0.7858, 0.7228, 0.6686])
time pre test epoch/s:3.02
=====Epoch 6=====
L2 loss: T 6.7387e-01
each time step loss: tensor([0.8552, 0.7223, 0.7537, 0.7381, 0.7840, 0.7205, 0.6659])
time pre test epoch/s:2.95
=====Epoch 7=====
L2 loss: T 6.7178e-01
each time step loss: tensor([0.8544, 0.7212, 0.7521, 0.7360, 0.7814, 0.7174, 0.6620])
time pre test epoch/s:2.94
=====Epoch 8=====
L2 loss: T 6.6882e-01
each time step loss: tensor([0.8533, 0.7196, 0.7498, 0.7331, 0.7777, 0.7130, 0.6565])
time pre test epoch/s:2.96
=====Epoch 9=====
L2 loss: T 6.6492e-01
each time step loss: tensor([0.8519, 0.7175, 0.7468, 0.7293, 0.7728, 0.7071, 0.6494])
time pre test epoch/s:2.95
=====Epoch 10=====
L2 loss: T 6.5973e-01
each time step loss: tensor([0.8499, 0.7147, 0.7427, 0.7242, 0.7663, 0.6994, 0.6399])
time pre test epoch/s:3.00
=====Epoch 11=====
L2 loss: T 6.5320e-01
each time step loss: tensor([0.8474, 0.7112, 0.7376, 0.7178, 0.7580, 0.6896, 0.6280])
time pre test epoch/s:2.97
=====Epoch 12=====
L2 loss: T 6.4530e-01
each time step loss: tensor([0.8444, 0.7068, 0.7314, 0.7099, 0.7481, 0.6778, 0.6139])
time pre test epoch/s:2.96
=====Epoch 13=====
L2 loss: T 6.3580e-01
each time step loss: tensor([0.8406, 0.7015, 0.7238, 0.7004, 0.7360, 0.6636, 0.5971])
time pre test epoch/s:2.96
=====Epoch 14=====
L2 loss: T 6.2528e-01
each time step loss: tensor([0.8363, 0.6954, 0.7151, 0.6898, 0.7225, 0.6481, 0.5794])
time pre test epoch/s:2.97
=====Epoch 15=====
L2 loss: T 6.1411e-01
each time step loss: tensor([0.8314, 0.6886, 0.7055, 0.6782, 0.7079, 0.6316, 0.5616])
time pre test epoch/s:3.00
=====Epoch 16=====
L2 loss: T 6.0284e-01
each time step loss: tensor([0.8258, 0.6813, 0.6953, 0.6660, 0.6928, 0.6152, 0.5452])
time pre test epoch/s:3.05
=====Epoch 17=====
L2 loss: T 5.9340e-01
each time step loss: tensor([0.8204, 0.6741, 0.6855, 0.6551, 0.6794, 0.6018, 0.5352])
time pre test epoch/s:3.02
=====Epoch 18=====
L2 loss: T 5.8606e-01
each time step loss: tensor([0.8149, 0.6673, 0.6765, 0.6455, 0.6682, 0.5919, 0.5310])
time pre test epoch/s:2.98
=====Epoch 19=====
L2 loss: T 5.8294e-01
each time step loss: tensor([0.8104, 0.6620, 0.6698, 0.6393, 0.6616, 0.5888, 0.5375])
time pre test epoch/s:2.98
=====Epoch 20=====
L2 loss: T 5.8182e-01
each time step loss: tensor([0.8066, 0.6579, 0.6650, 0.6354, 0.6580, 0.5886, 0.5466])
time pre test epoch/s:3.04
=====Epoch 21=====
L2 loss: T 5.8288e-01
each time step loss: tensor([0.8048, 0.6561, 0.6630, 0.6344, 0.6577, 0.5914, 0.5563])
time pre test epoch/s:3.01
=====Epoch 22=====
L2 loss: T 5.8377e-01
each time step loss: tensor([0.8034, 0.6548, 0.6617, 0.6339, 0.6577, 0.5936, 0.5634])
time pre test epoch/s:2.97
=====Epoch 23=====
L2 loss: T 5.8397e-01
each time step loss: tensor([0.8033, 0.6547, 0.6615, 0.6339, 0.6578, 0.5941, 0.5645])
time pre test epoch/s:3.00
=====Epoch 24=====
L2 loss: T 5.8374e-01
each time step loss: tensor([0.8036, 0.6549, 0.6618, 0.6340, 0.6578, 0.5935, 0.5629])
time pre test epoch/s:3.02
=====Epoch 25=====
L2 loss: T 5.8363e-01
each time step loss: tensor([0.8036, 0.6550, 0.6619, 0.6340, 0.6577, 0.5933, 0.5623])
time pre test epoch/s:2.97
=====Epoch 26=====
L2 loss: T 5.8339e-01
each time step loss: tensor([0.8038, 0.6552, 0.6620, 0.6340, 0.6576, 0.5927, 0.5608])
time pre test epoch/s:2.96
=====Epoch 27=====
L2 loss: T 5.8403e-01
each time step loss: tensor([0.8033, 0.6547, 0.6616, 0.6340, 0.6579, 0.5942, 0.5647])
time pre test epoch/s:3.00
=====Epoch 28=====
L2 loss: T 5.8387e-01
each time step loss: tensor([0.8033, 0.6547, 0.6616, 0.6339, 0.6578, 0.5938, 0.5639])
time pre test epoch/s:3.01
=====Epoch 29=====
L2 loss: T 5.8340e-01
each time step loss: tensor([0.8037, 0.6551, 0.6620, 0.6340, 0.6576, 0.5928, 0.5612])
time pre test epoch/s:3.00
=====Epoch 30=====
L2 loss: T 5.8323e-01
each time step loss: tensor([0.8039, 0.6553, 0.6621, 0.6340, 0.6575, 0.5924, 0.5601])
time pre test epoch/s:2.96
=====Epoch 31=====
L2 loss: T 5.8270e-01
each time step loss: tensor([0.8042, 0.6555, 0.6620, 0.6336, 0.6569, 0.5914, 0.5581])
time pre test epoch/s:3.00
=====Epoch 32=====
L2 loss: T 5.8237e-01
each time step loss: tensor([0.8049, 0.6561, 0.6628, 0.6341, 0.6571, 0.5905, 0.5546])
time pre test epoch/s:3.06
=====Epoch 33=====
L2 loss: T 5.8371e-01
each time step loss: tensor([0.8030, 0.6544, 0.6611, 0.6335, 0.6574, 0.5937, 0.5646])
time pre test epoch/s:3.05
=====Epoch 34=====
L2 loss: T 5.7967e-01
each time step loss: tensor([0.8054, 0.6563, 0.6620, 0.6321, 0.6540, 0.5855, 0.5464])
time pre test epoch/s:3.01
=====Epoch 35=====
L2 loss: T 5.8622e-01
each time step loss: tensor([0.8081, 0.6603, 0.6678, 0.6394, 0.6635, 0.5959, 0.5547])
time pre test epoch/s:3.06
=====Epoch 36=====
L2 loss: T 5.8429e-01
each time step loss: tensor([0.8024, 0.6538, 0.6605, 0.6333, 0.6575, 0.5950, 0.5686])
time pre test epoch/s:2.95
=====Epoch 37=====
L2 loss: T 5.7937e-01
each time step loss: tensor([0.8059, 0.6567, 0.6624, 0.6323, 0.6539, 0.5848, 0.5442])
time pre test epoch/s:2.95
=====Epoch 38=====
L2 loss: T 5.7504e-01
each time step loss: tensor([0.8044, 0.6541, 0.6580, 0.6264, 0.6467, 0.5779, 0.5408])
time pre test epoch/s:2.96
=====Epoch 39=====
L2 loss: T 5.7469e-01
each time step loss: tensor([0.8030, 0.6525, 0.6563, 0.6249, 0.6453, 0.5779, 0.5447])
time pre test epoch/s:3.00
=====Epoch 40=====
L2 loss: T 5.7456e-01
each time step loss: tensor([0.8027, 0.6524, 0.6565, 0.6251, 0.6455, 0.5778, 0.5438])
time pre test epoch/s:3.04
=====Epoch 41=====
L2 loss: T 5.7409e-01
each time step loss: tensor([0.8032, 0.6530, 0.6572, 0.6256, 0.6457, 0.5769, 0.5395])
time pre test epoch/s:3.03
=====Epoch 42=====
L2 loss: T 5.7875e-01
each time step loss: tensor([0.8046, 0.6567, 0.6620, 0.6323, 0.6551, 0.5854, 0.5391])
time pre test epoch/s:3.05
=====Epoch 43=====
L2 loss: T 5.8598e-01
each time step loss: tensor([0.8021, 0.6532, 0.6616, 0.6356, 0.6615, 0.5996, 0.5699])
time pre test epoch/s:3.00
=====Epoch 44=====
L2 loss: T 6.3935e-01
each time step loss: tensor([0.8348, 0.6938, 0.7157, 0.6963, 0.7335, 0.6737, 0.6368])
time pre test epoch/s:3.08
=====Epoch 45=====
L2 loss: T 6.7851e-01
each time step loss: tensor([0.8569, 0.7248, 0.7572, 0.7426, 0.7898, 0.7275, 0.6745])
time pre test epoch/s:3.01
=====Epoch 46=====
L2 loss: T 6.7623e-01
each time step loss: tensor([0.8561, 0.7236, 0.7555, 0.7404, 0.7869, 0.7241, 0.6703])
time pre test epoch/s:2.98
=====Epoch 47=====
L2 loss: T 6.7617e-01
each time step loss: tensor([0.8560, 0.7235, 0.7554, 0.7403, 0.7869, 0.7240, 0.6701])
time pre test epoch/s:2.98
=====Epoch 48=====
L2 loss: T 6.7603e-01
each time step loss: tensor([0.8560, 0.7235, 0.7553, 0.7402, 0.7867, 0.7238, 0.6699])
time pre test epoch/s:2.96
=====Epoch 49=====
L2 loss: T 6.7593e-01
each time step loss: tensor([0.8559, 0.7234, 0.7553, 0.7401, 0.7866, 0.7236, 0.6697])
time pre test epoch/s:2.97

========Test========
L2 loss: T 5.8392e-01
each time step loss: tensor([0.4048, 0.5709, 0.6179, 0.6820, 0.7183, 0.6326, 0.6244])
time pre test epoch/s:0.34

================================================================================
[LOG START @ 2025-11-13 17:43:57]
================================================================================
